2017-05-08 14:13:48 - PHP Warning:  ftp_login(): Login incorrect. in /opt/bitnami/apps/opencart/htdocs/admin/controller/extension/installer.php on line 294
2017-05-08 14:24:26 - Export/Import: Undefined option_name 'Porcionado' used in worksheet 'ProductOptions'!
2017-05-08 14:24:26 - Export/Import: Undefined option_name 'Porcionado' used in worksheet 'ProductOptions'!
2017-05-08 14:24:26 - Export/Import: Undefined option_name 'Porcionado' used in worksheet 'ProductOptions'!
2017-05-08 14:24:26 - Export/Import: Undefined option_name 'Porcionado' used in worksheet 'ProductOptions'!
2017-05-08 14:24:26 - Export/Import: Undefined option_name 'Porcionado' used in worksheet 'ProductOptions'!
2017-05-08 14:24:26 - Export/Import: Undefined option_name 'Porcionado' used in worksheet 'ProductOptions'!
2017-05-08 14:24:26 - Export/Import: Undefined option_name 'Porcionado' used in worksheet 'ProductOptions'!
2017-05-08 14:24:26 - Export/Import: Undefined option_name 'Porcionado' used in worksheet 'ProductOptions'!
2017-05-08 14:24:26 - Export/Import: Undefined option_name 'Porcionado' used in worksheet 'ProductOptionValues'!
2017-05-08 14:24:26 - Export/Import: Undefined option_name 'Porcionado' used in worksheet 'ProductOptionValues'!
2017-05-08 14:24:26 - Export/Import: Undefined option_name 'Porcionado' used in worksheet 'ProductOptionValues'!
2017-05-08 14:24:26 - Export/Import: Undefined option_name 'Porcionado' used in worksheet 'ProductOptionValues'!
2017-05-08 14:24:26 - Export/Import: Undefined option_name 'Porcionado' used in worksheet 'ProductOptionValues'!
2017-05-08 14:24:26 - Export/Import: Undefined option_name 'Porcionado' used in worksheet 'ProductOptionValues'!
2017-05-08 14:24:26 - Export/Import: Undefined option_name 'Porcionado' used in worksheet 'ProductOptionValues'!
2017-05-08 14:24:26 - Export/Import: Undefined option_name 'Porcionado' used in worksheet 'ProductOptionValues'!
2017-05-08 14:24:26 - Export/Import: Undefined option_name 'Porcionado' used in worksheet 'ProductOptionValues'!
2017-05-08 14:24:26 - Export/Import: Undefined option_name 'Porcionado' used in worksheet 'ProductOptionValues'!
2017-05-08 14:24:26 - Export/Import: Undefined option_name 'Porcionado' used in worksheet 'ProductOptionValues'!
2017-05-08 14:24:26 - Export/Import: Undefined option_name 'Porcionado' used in worksheet 'ProductOptionValues'!
2017-05-08 14:24:26 - Export/Import: Undefined option_name 'Porcionado' used in worksheet 'ProductOptionValues'!
2017-05-08 14:24:26 - Export/Import: Undefined option_name 'Porcionado' used in worksheet 'ProductOptionValues'!
2017-05-08 14:24:26 - Export/Import: Undefined option_name 'Porcionado' used in worksheet 'ProductOptionValues'!
2017-05-08 14:24:26 - Export/Import: Undefined option_name 'Porcionado' used in worksheet 'ProductOptionValues'!
2017-05-08 14:59:43 - PHP Warning:  fopen(/opt/bitnami/apps/opencart/htdocs/system/mbooth/download/extension.zip): failed to open stream: Permission denied in /opt/bitnami/apps/opencart/htdocs/admin/model/d_shopunity/mbooth.php on line 61
2017-05-08 14:59:43 - PHP Warning:  curl_setopt(): supplied argument is not a valid File-Handle resource in /opt/bitnami/apps/opencart/htdocs/admin/model/d_shopunity/mbooth.php on line 71
